2025-12-29T05:13:02.181348Z  INFO tailwindcss_oxide::scanner: Provided sources:
2025-12-29T05:13:02.182776Z  INFO tailwindcss_oxide::scanner: Source: PublicSourceEntry { base: "C:\\Users\\RintuMondal\\Videos\\On-going project\\alwar", pattern: "**/*", negated: false }
2025-12-29T05:13:02.183688Z  INFO tailwindcss_oxide::scanner: Optimized sources:
2025-12-29T05:13:02.183729Z  INFO tailwindcss_oxide::scanner: Source: Auto { base: "C:\\Users\\RintuMondal\\Videos\\On-going project\\alwar" }
2025-12-29T05:13:02.186875Z  INFO scan_sources: tailwindcss_oxide::scanner: enter
2025-12-29T05:13:02.189553Z  INFO scan_sources: tailwindcss_oxide::scanner: Discovering "C:\\Users\\RintuMondal\\Videos\\On-going project\\alwar\\.github"
2025-12-29T05:13:02.190256Z  INFO scan_sources: tailwindcss_oxide::scanner: Discovering "C:\\Users\\RintuMondal\\Videos\\On-going project\\alwar\\.github\\agents"
2025-12-29T05:13:02.190526Z  INFO scan_sources: tailwindcss_oxide::scanner: Discovering "C:\\Users\\RintuMondal\\Videos\\On-going project\\alwar\\.github\\agents\\debug.agent.md"
2025-12-29T05:13:02.191841Z  INFO scan_sources: tailwindcss_oxide::scanner: Discovering "C:\\Users\\RintuMondal\\Videos\\On-going project\\alwar\\app"
2025-12-29T05:13:02.192173Z  INFO scan_sources: tailwindcss_oxide::scanner: Discovering "C:\\Users\\RintuMondal\\Videos\\On-going project\\alwar\\app\\admin"
2025-12-29T05:13:02.192429Z  INFO scan_sources: tailwindcss_oxide::scanner: Discovering "C:\\Users\\RintuMondal\\Videos\\On-going project\\alwar\\app\\admin\\layout.tsx"
2025-12-29T05:13:02.192610Z  INFO scan_sources: tailwindcss_oxide::scanner: Discovering "C:\\Users\\RintuMondal\\Videos\\On-going project\\alwar\\app\\admin\\users"
2025-12-29T05:13:02.192854Z  INFO scan_sources: tailwindcss_oxide::scanner: Discovering "C:\\Users\\RintuMondal\\Videos\\On-going project\\alwar\\app\\admin\\users\\page.tsx"
2025-12-29T05:13:02.193034Z  INFO scan_sources: tailwindcss_oxide::scanner: Discovering "C:\\Users\\RintuMondal\\Videos\\On-going project\\alwar\\app\\admin\\users\\[id]"
2025-12-29T05:13:02.193244Z  INFO scan_sources: tailwindcss_oxide::scanner: Discovering "C:\\Users\\RintuMondal\\Videos\\On-going project\\alwar\\app\\admin\\users\\[id]\\page.tsx"
2025-12-29T05:13:02.193486Z  INFO scan_sources: tailwindcss_oxide::scanner: Discovering "C:\\Users\\RintuMondal\\Videos\\On-going project\\alwar\\app\\all-entries"
2025-12-29T05:13:02.193679Z  INFO scan_sources: tailwindcss_oxide::scanner: Discovering "C:\\Users\\RintuMondal\\Videos\\On-going project\\alwar\\app\\all-entries\\page.tsx"
2025-12-29T05:13:02.193909Z  INFO scan_sources: tailwindcss_oxide::scanner: Discovering "C:\\Users\\RintuMondal\\Videos\\On-going project\\alwar\\app\\api"
2025-12-29T05:13:02.194210Z  INFO scan_sources: tailwindcss_oxide::scanner: Discovering "C:\\Users\\RintuMondal\\Videos\\On-going project\\alwar\\app\\api\\admin"
2025-12-29T05:13:02.194446Z  INFO scan_sources: tailwindcss_oxide::scanner: Discovering "C:\\Users\\RintuMondal\\Videos\\On-going project\\alwar\\app\\api\\admin\\users"
2025-12-29T05:13:02.194661Z  INFO scan_sources: tailwindcss_oxide::scanner: Discovering "C:\\Users\\RintuMondal\\Videos\\On-going project\\alwar\\app\\api\\admin\\users\\route.ts"
2025-12-29T05:13:02.194808Z  INFO scan_sources: tailwindcss_oxide::scanner: Discovering "C:\\Users\\RintuMondal\\Videos\\On-going project\\alwar\\app\\api\\admin\\users\\[id]"
2025-12-29T05:13:02.195012Z  INFO scan_sources: tailwindcss_oxide::scanner: Discovering "C:\\Users\\RintuMondal\\Videos\\On-going project\\alwar\\app\\api\\admin\\users\\[id]\\route.ts"
2025-12-29T05:13:02.195269Z  INFO scan_sources: tailwindcss_oxide::scanner: Discovering "C:\\Users\\RintuMondal\\Videos\\On-going project\\alwar\\app\\api\\auth"
2025-12-29T05:13:02.195515Z  INFO scan_sources: tailwindcss_oxide::scanner: Discovering "C:\\Users\\RintuMondal\\Videos\\On-going project\\alwar\\app\\api\\auth\\register"
2025-12-29T05:13:02.195710Z  INFO scan_sources: tailwindcss_oxide::scanner: Discovering "C:\\Users\\RintuMondal\\Videos\\On-going project\\alwar\\app\\api\\auth\\register\\route.ts"
2025-12-29T05:13:02.195978Z  INFO scan_sources: tailwindcss_oxide::scanner: Discovering "C:\\Users\\RintuMondal\\Videos\\On-going project\\alwar\\app\\api\\auth\\[...nextauth]"
2025-12-29T05:13:02.196309Z  INFO scan_sources: tailwindcss_oxide::scanner: Discovering "C:\\Users\\RintuMondal\\Videos\\On-going project\\alwar\\app\\api\\auth\\[...nextauth]\\route.ts"
2025-12-29T05:13:02.196557Z  INFO scan_sources: tailwindcss_oxide::scanner: Discovering "C:\\Users\\RintuMondal\\Videos\\On-going project\\alwar\\app\\api\\employee-attendance"
2025-12-29T05:13:02.196767Z  INFO scan_sources: tailwindcss_oxide::scanner: Discovering "C:\\Users\\RintuMondal\\Videos\\On-going project\\alwar\\app\\api\\employee-attendance\\route.ts"
2025-12-29T05:13:02.196953Z  INFO scan_sources: tailwindcss_oxide::scanner: Discovering "C:\\Users\\RintuMondal\\Videos\\On-going project\\alwar\\app\\api\\employees"
2025-12-29T05:13:02.197147Z  INFO scan_sources: tailwindcss_oxide::scanner: Discovering "C:\\Users\\RintuMondal\\Videos\\On-going project\\alwar\\app\\api\\employees\\route.ts"
2025-12-29T05:13:02.197314Z  INFO scan_sources: tailwindcss_oxide::scanner: Discovering "C:\\Users\\RintuMondal\\Videos\\On-going project\\alwar\\app\\api\\employees\\[id]"
2025-12-29T05:13:02.197591Z  INFO scan_sources: tailwindcss_oxide::scanner: Discovering "C:\\Users\\RintuMondal\\Videos\\On-going project\\alwar\\app\\api\\employees\\[id]\\attendance"
2025-12-29T05:13:02.197844Z  INFO scan_sources: tailwindcss_oxide::scanner: Discovering "C:\\Users\\RintuMondal\\Videos\\On-going project\\alwar\\app\\api\\employees\\[id]\\attendance\\route.ts"
2025-12-29T05:13:02.198000Z  INFO scan_sources: tailwindcss_oxide::scanner: Discovering "C:\\Users\\RintuMondal\\Videos\\On-going project\\alwar\\app\\api\\employees\\[id]\\route.ts"
2025-12-29T05:13:02.198259Z  INFO scan_sources: tailwindcss_oxide::scanner: Discovering "C:\\Users\\RintuMondal\\Videos\\On-going project\\alwar\\app\\api\\health"
2025-12-29T05:13:02.198584Z  INFO scan_sources: tailwindcss_oxide::scanner: Discovering "C:\\Users\\RintuMondal\\Videos\\On-going project\\alwar\\app\\api\\health\\route.ts"
2025-12-29T05:13:02.198797Z  INFO scan_sources: tailwindcss_oxide::scanner: Discovering "C:\\Users\\RintuMondal\\Videos\\On-going project\\alwar\\app\\api\\manpower"
2025-12-29T05:13:02.199004Z  INFO scan_sources: tailwindcss_oxide::scanner: Discovering "C:\\Users\\RintuMondal\\Videos\\On-going project\\alwar\\app\\api\\manpower\\route.ts"
2025-12-29T05:13:02.199227Z  INFO scan_sources: tailwindcss_oxide::scanner: Discovering "C:\\Users\\RintuMondal\\Videos\\On-going project\\alwar\\app\\api\\records"
2025-12-29T05:13:02.199452Z  INFO scan_sources: tailwindcss_oxide::scanner: Discovering "C:\\Users\\RintuMondal\\Videos\\On-going project\\alwar\\app\\api\\records\\route.ts"
2025-12-29T05:13:02.199603Z  INFO scan_sources: tailwindcss_oxide::scanner: Discovering "C:\\Users\\RintuMondal\\Videos\\On-going project\\alwar\\app\\api\\records\\[id]"
2025-12-29T05:13:02.199898Z  INFO scan_sources: tailwindcss_oxide::scanner: Discovering "C:\\Users\\RintuMondal\\Videos\\On-going project\\alwar\\app\\api\\records\\[id]\\employees"
2025-12-29T05:13:02.200117Z  INFO scan_sources: tailwindcss_oxide::scanner: Discovering "C:\\Users\\RintuMondal\\Videos\\On-going project\\alwar\\app\\api\\records\\[id]\\employees\\route.ts"
2025-12-29T05:13:02.218547Z  INFO scan_sources: tailwindcss_oxide::scanner: Discovering "C:\\Users\\RintuMondal\\Videos\\On-going project\\alwar\\app\\api\\records\\[id]\\route.ts"
2025-12-29T05:13:02.218896Z  INFO scan_sources: tailwindcss_oxide::scanner: Discovering "C:\\Users\\RintuMondal\\Videos\\On-going project\\alwar\\app\\api\\settings"
2025-12-29T05:13:02.219199Z  INFO scan_sources: tailwindcss_oxide::scanner: Discovering "C:\\Users\\RintuMondal\\Videos\\On-going project\\alwar\\app\\api\\settings\\change-password"
2025-12-29T05:13:02.219422Z  INFO scan_sources: tailwindcss_oxide::scanner: Discovering "C:\\Users\\RintuMondal\\Videos\\On-going project\\alwar\\app\\api\\settings\\change-password\\route.ts"
2025-12-29T05:13:02.219746Z  INFO scan_sources: tailwindcss_oxide::scanner: Discovering "C:\\Users\\RintuMondal\\Videos\\On-going project\\alwar\\app\\api\\settings\\export"
2025-12-29T05:13:02.219965Z  INFO scan_sources: tailwindcss_oxide::scanner: Discovering "C:\\Users\\RintuMondal\\Videos\\On-going project\\alwar\\app\\api\\settings\\export\\route.ts"
2025-12-29T05:13:02.220229Z  INFO scan_sources: tailwindcss_oxide::scanner: Discovering "C:\\Users\\RintuMondal\\Videos\\On-going project\\alwar\\app\\dashboard"
2025-12-29T05:13:02.220453Z  INFO scan_sources: tailwindcss_oxide::scanner: Discovering "C:\\Users\\RintuMondal\\Videos\\On-going project\\alwar\\app\\dashboard\\page.tsx"
2025-12-29T05:13:02.220633Z  INFO scan_sources: tailwindcss_oxide::scanner: Discovering "C:\\Users\\RintuMondal\\Videos\\On-going project\\alwar\\app\\employee-attendance"
2025-12-29T05:13:02.220826Z  INFO scan_sources: tailwindcss_oxide::scanner: Discovering "C:\\Users\\RintuMondal\\Videos\\On-going project\\alwar\\app\\employee-attendance\\page.tsx"
2025-12-29T05:13:02.221005Z  INFO scan_sources: tailwindcss_oxide::scanner: Discovering "C:\\Users\\RintuMondal\\Videos\\On-going project\\alwar\\app\\employees"
2025-12-29T05:13:02.221207Z  INFO scan_sources: tailwindcss_oxide::scanner: Discovering "C:\\Users\\RintuMondal\\Videos\\On-going project\\alwar\\app\\employees\\page.tsx"
2025-12-29T05:13:02.221356Z  INFO scan_sources: tailwindcss_oxide::scanner: Discovering "C:\\Users\\RintuMondal\\Videos\\On-going project\\alwar\\app\\employees\\[id]"
2025-12-29T05:13:02.221545Z  INFO scan_sources: tailwindcss_oxide::scanner: Discovering "C:\\Users\\RintuMondal\\Videos\\On-going project\\alwar\\app\\employees\\[id]\\page.tsx"
2025-12-29T05:13:02.221707Z  INFO scan_sources: tailwindcss_oxide::scanner: Discovering "C:\\Users\\RintuMondal\\Videos\\On-going project\\alwar\\app\\globals.css"
2025-12-29T05:13:02.221804Z  INFO scan_sources: tailwindcss_oxide::scanner: Discovering "C:\\Users\\RintuMondal\\Videos\\On-going project\\alwar\\app\\layout.tsx"
2025-12-29T05:13:02.221955Z  INFO scan_sources: tailwindcss_oxide::scanner: Discovering "C:\\Users\\RintuMondal\\Videos\\On-going project\\alwar\\app\\login"
2025-12-29T05:13:02.222150Z  INFO scan_sources: tailwindcss_oxide::scanner: Discovering "C:\\Users\\RintuMondal\\Videos\\On-going project\\alwar\\app\\login\\page.tsx"
2025-12-29T05:13:02.222272Z  INFO scan_sources: tailwindcss_oxide::scanner: Discovering "C:\\Users\\RintuMondal\\Videos\\On-going project\\alwar\\app\\page.tsx"
2025-12-29T05:13:02.222431Z  INFO scan_sources: tailwindcss_oxide::scanner: Discovering "C:\\Users\\RintuMondal\\Videos\\On-going project\\alwar\\app\\register"
2025-12-29T05:13:02.222647Z  INFO scan_sources: tailwindcss_oxide::scanner: Discovering "C:\\Users\\RintuMondal\\Videos\\On-going project\\alwar\\app\\register\\page.tsx"
2025-12-29T05:13:02.222836Z  INFO scan_sources: tailwindcss_oxide::scanner: Discovering "C:\\Users\\RintuMondal\\Videos\\On-going project\\alwar\\app\\settings"
2025-12-29T05:13:02.223028Z  INFO scan_sources: tailwindcss_oxide::scanner: Discovering "C:\\Users\\RintuMondal\\Videos\\On-going project\\alwar\\app\\settings\\page.tsx"
2025-12-29T05:13:02.223207Z  INFO scan_sources: tailwindcss_oxide::scanner: Discovering "C:\\Users\\RintuMondal\\Videos\\On-going project\\alwar\\AUTOSAVE_HOOK_GUIDE.md"
2025-12-29T05:13:02.223293Z  INFO scan_sources: tailwindcss_oxide::scanner: Discovering "C:\\Users\\RintuMondal\\Videos\\On-going project\\alwar\\AUTOSAVE_QUICK_REFERENCE.md"
2025-12-29T05:13:02.223381Z  INFO scan_sources: tailwindcss_oxide::scanner: Discovering "C:\\Users\\RintuMondal\\Videos\\On-going project\\alwar\\AUTO_SAVE_DOCUMENTATION.md"
2025-12-29T05:13:02.223467Z  INFO scan_sources: tailwindcss_oxide::scanner: Discovering "C:\\Users\\RintuMondal\\Videos\\On-going project\\alwar\\AUTO_SAVE_FLOW_DIAGRAM.md"
2025-12-29T05:13:02.223568Z  INFO scan_sources: tailwindcss_oxide::scanner: Discovering "C:\\Users\\RintuMondal\\Videos\\On-going project\\alwar\\AUTO_SAVE_IMPLEMENTATION_SUMMARY.md"
2025-12-29T05:13:02.223770Z  INFO scan_sources: tailwindcss_oxide::scanner: Discovering "C:\\Users\\RintuMondal\\Videos\\On-going project\\alwar\\components"
2025-12-29T05:13:02.224009Z  INFO scan_sources: tailwindcss_oxide::scanner: Discovering "C:\\Users\\RintuMondal\\Videos\\On-going project\\alwar\\components\\AccessDenied.tsx"
2025-12-29T05:13:02.224091Z  INFO scan_sources: tailwindcss_oxide::scanner: Discovering "C:\\Users\\RintuMondal\\Videos\\On-going project\\alwar\\components\\AppSidebar.tsx"
2025-12-29T05:13:02.224166Z  INFO scan_sources: tailwindcss_oxide::scanner: Discovering "C:\\Users\\RintuMondal\\Videos\\On-going project\\alwar\\components\\AppwritePinger.tsx"
2025-12-29T05:13:02.224244Z  INFO scan_sources: tailwindcss_oxide::scanner: Discovering "C:\\Users\\RintuMondal\\Videos\\On-going project\\alwar\\components\\AttendanceCalendar.tsx"
2025-12-29T05:13:02.224318Z  INFO scan_sources: tailwindcss_oxide::scanner: Discovering "C:\\Users\\RintuMondal\\Videos\\On-going project\\alwar\\components\\EmployeeSelector.tsx"
2025-12-29T05:13:02.224408Z  INFO scan_sources: tailwindcss_oxide::scanner: Discovering "C:\\Users\\RintuMondal\\Videos\\On-going project\\alwar\\components\\EmployeeTable.tsx"
2025-12-29T05:13:02.224551Z  INFO scan_sources: tailwindcss_oxide::scanner: Discovering "C:\\Users\\RintuMondal\\Videos\\On-going project\\alwar\\components\\LoginForm.tsx"
2025-12-29T05:13:02.224631Z  INFO scan_sources: tailwindcss_oxide::scanner: Discovering "C:\\Users\\RintuMondal\\Videos\\On-going project\\alwar\\components\\Providers.tsx"
2025-12-29T05:13:02.224708Z  INFO scan_sources: tailwindcss_oxide::scanner: Discovering "C:\\Users\\RintuMondal\\Videos\\On-going project\\alwar\\components\\RecordCard.tsx"
2025-12-29T05:13:02.224781Z  INFO scan_sources: tailwindcss_oxide::scanner: Discovering "C:\\Users\\RintuMondal\\Videos\\On-going project\\alwar\\components\\RecordForm.tsx"
2025-12-29T05:13:02.224848Z  INFO scan_sources: tailwindcss_oxide::scanner: Discovering "C:\\Users\\RintuMondal\\Videos\\On-going project\\alwar\\components\\RecordList.tsx"
2025-12-29T05:13:02.224940Z  INFO scan_sources: tailwindcss_oxide::scanner: Discovering "C:\\Users\\RintuMondal\\Videos\\On-going project\\alwar\\components\\RegisterForm.tsx"
2025-12-29T05:13:02.225099Z  INFO scan_sources: tailwindcss_oxide::scanner: Discovering "C:\\Users\\RintuMondal\\Videos\\On-going project\\alwar\\components\\ui"
2025-12-29T05:13:02.225402Z  INFO scan_sources: tailwindcss_oxide::scanner: Discovering "C:\\Users\\RintuMondal\\Videos\\On-going project\\alwar\\components\\ui\\background-gradient.tsx"
2025-12-29T05:13:02.225497Z  INFO scan_sources: tailwindcss_oxide::scanner: Discovering "C:\\Users\\RintuMondal\\Videos\\On-going project\\alwar\\components\\ui\\bg-pattern.tsx"
2025-12-29T05:13:02.225576Z  INFO scan_sources: tailwindcss_oxide::scanner: Discovering "C:\\Users\\RintuMondal\\Videos\\On-going project\\alwar\\components\\ui\\button.tsx"
2025-12-29T05:13:02.225719Z  INFO scan_sources: tailwindcss_oxide::scanner: Discovering "C:\\Users\\RintuMondal\\Videos\\On-going project\\alwar\\components\\ui\\field.tsx"
2025-12-29T05:13:02.225799Z  INFO scan_sources: tailwindcss_oxide::scanner: Discovering "C:\\Users\\RintuMondal\\Videos\\On-going project\\alwar\\components\\ui\\input.tsx"
2025-12-29T05:13:02.225876Z  INFO scan_sources: tailwindcss_oxide::scanner: Discovering "C:\\Users\\RintuMondal\\Videos\\On-going project\\alwar\\components\\ui\\label.tsx"
2025-12-29T05:13:02.226069Z  INFO scan_sources: tailwindcss_oxide::scanner: Discovering "C:\\Users\\RintuMondal\\Videos\\On-going project\\alwar\\components\\ui\\select.tsx"
2025-12-29T05:13:02.226475Z  INFO scan_sources: tailwindcss_oxide::scanner: Discovering "C:\\Users\\RintuMondal\\Videos\\On-going project\\alwar\\components\\ui\\separator.tsx"
2025-12-29T05:13:02.226604Z  INFO scan_sources: tailwindcss_oxide::scanner: Discovering "C:\\Users\\RintuMondal\\Videos\\On-going project\\alwar\\components\\ui\\shape-landing-hero.tsx"
2025-12-29T05:13:02.226702Z  INFO scan_sources: tailwindcss_oxide::scanner: Discovering "C:\\Users\\RintuMondal\\Videos\\On-going project\\alwar\\components\\ui\\sidebar.tsx"
2025-12-29T05:13:02.226850Z  INFO scan_sources: tailwindcss_oxide::scanner: Discovering "C:\\Users\\RintuMondal\\Videos\\On-going project\\alwar\\components\\ui\\textarea.tsx"
2025-12-29T05:13:02.227030Z  INFO scan_sources: tailwindcss_oxide::scanner: Discovering "C:\\Users\\RintuMondal\\Videos\\On-going project\\alwar\\components.json"
2025-12-29T05:13:02.227104Z  INFO scan_sources: tailwindcss_oxide::scanner: Discovering "C:\\Users\\RintuMondal\\Videos\\On-going project\\alwar\\DEPLOYMENT.md"
2025-12-29T05:13:02.227173Z  INFO scan_sources: tailwindcss_oxide::scanner: Discovering "C:\\Users\\RintuMondal\\Videos\\On-going project\\alwar\\EMPLOYEE_NAVIGATION_DIAGRAMS.md"
2025-12-29T05:13:02.227246Z  INFO scan_sources: tailwindcss_oxide::scanner: Discovering "C:\\Users\\RintuMondal\\Videos\\On-going project\\alwar\\EMPLOYEE_NAVIGATION_DOCUMENTATION.md"
2025-12-29T05:13:02.227315Z  INFO scan_sources: tailwindcss_oxide::scanner: Discovering "C:\\Users\\RintuMondal\\Videos\\On-going project\\alwar\\EMPLOYEE_NAVIGATION_QUICK_REF.md"
2025-12-29T05:13:02.227390Z  INFO scan_sources: tailwindcss_oxide::scanner: Discovering "C:\\Users\\RintuMondal\\Videos\\On-going project\\alwar\\EMPLOYEE_NAVIGATION_SUMMARY.md"
2025-12-29T05:13:02.227465Z  INFO scan_sources: tailwindcss_oxide::scanner: Discovering "C:\\Users\\RintuMondal\\Videos\\On-going project\\alwar\\eslint.config.mjs"
2025-12-29T05:13:02.227532Z  INFO scan_sources: tailwindcss_oxide::scanner: Discovering "C:\\Users\\RintuMondal\\Videos\\On-going project\\alwar\\FEATURES.md"
2025-12-29T05:13:02.227688Z  INFO scan_sources: tailwindcss_oxide::scanner: Discovering "C:\\Users\\RintuMondal\\Videos\\On-going project\\alwar\\lib"
2025-12-29T05:13:02.227894Z  INFO scan_sources: tailwindcss_oxide::scanner: Discovering "C:\\Users\\RintuMondal\\Videos\\On-going project\\alwar\\lib\\appwrite-server.ts"
2025-12-29T05:13:02.227972Z  INFO scan_sources: tailwindcss_oxide::scanner: Discovering "C:\\Users\\RintuMondal\\Videos\\On-going project\\alwar\\lib\\appwrite.ts"
2025-12-29T05:13:02.228045Z  INFO scan_sources: tailwindcss_oxide::scanner: Discovering "C:\\Users\\RintuMondal\\Videos\\On-going project\\alwar\\lib\\appwriteAuth.ts"
2025-12-29T05:13:02.228118Z  INFO scan_sources: tailwindcss_oxide::scanner: Discovering "C:\\Users\\RintuMondal\\Videos\\On-going project\\alwar\\lib\\appwriteUtils.ts"
2025-12-29T05:13:02.228199Z  INFO scan_sources: tailwindcss_oxide::scanner: Discovering "C:\\Users\\RintuMondal\\Videos\\On-going project\\alwar\\lib\\auth.ts"
2025-12-29T05:13:02.228282Z  INFO scan_sources: tailwindcss_oxide::scanner: Discovering "C:\\Users\\RintuMondal\\Videos\\On-going project\\alwar\\lib\\autoSaveUtils.test.ts"
2025-12-29T05:13:02.228360Z  INFO scan_sources: tailwindcss_oxide::scanner: Discovering "C:\\Users\\RintuMondal\\Videos\\On-going project\\alwar\\lib\\autoSaveUtils.ts"
2025-12-29T05:13:02.228455Z  INFO scan_sources: tailwindcss_oxide::scanner: Discovering "C:\\Users\\RintuMondal\\Videos\\On-going project\\alwar\\lib\\db.ts"
2025-12-29T05:13:02.228530Z  INFO scan_sources: tailwindcss_oxide::scanner: Discovering "C:\\Users\\RintuMondal\\Videos\\On-going project\\alwar\\lib\\employeeUtils.ts"
2025-12-29T05:13:02.228602Z  INFO scan_sources: tailwindcss_oxide::scanner: Discovering "C:\\Users\\RintuMondal\\Videos\\On-going project\\alwar\\lib\\googleSheets.ts"
2025-12-29T05:13:02.228749Z  INFO scan_sources: tailwindcss_oxide::scanner: Discovering "C:\\Users\\RintuMondal\\Videos\\On-going project\\alwar\\lib\\hooks"
2025-12-29T05:13:02.228979Z  INFO scan_sources: tailwindcss_oxide::scanner: Discovering "C:\\Users\\RintuMondal\\Videos\\On-going project\\alwar\\lib\\hooks\\useAutoSave.ts"
2025-12-29T05:13:02.229220Z  INFO scan_sources: tailwindcss_oxide::scanner: Discovering "C:\\Users\\RintuMondal\\Videos\\On-going project\\alwar\\lib\\hooks\\useEmployeeNavigation.ts"
2025-12-29T05:13:02.229389Z  INFO scan_sources: tailwindcss_oxide::scanner: Discovering "C:\\Users\\RintuMondal\\Videos\\On-going project\\alwar\\lib\\utils.ts"
2025-12-29T05:13:02.229685Z  INFO scan_sources: tailwindcss_oxide::scanner: Discovering "C:\\Users\\RintuMondal\\Videos\\On-going project\\alwar\\LOCAL_DB_SETUP.md"
2025-12-29T05:13:02.229988Z  INFO scan_sources: tailwindcss_oxide::scanner: Discovering "C:\\Users\\RintuMondal\\Videos\\On-going project\\alwar\\next.config.ts"
2025-12-29T05:13:02.230429Z  INFO scan_sources: tailwindcss_oxide::scanner: Discovering "C:\\Users\\RintuMondal\\Videos\\On-going project\\alwar\\package.json"
2025-12-29T05:13:02.230541Z  INFO scan_sources: tailwindcss_oxide::scanner: Discovering "C:\\Users\\RintuMondal\\Videos\\On-going project\\alwar\\postcss.config.mjs"
2025-12-29T05:13:02.230713Z  INFO scan_sources: tailwindcss_oxide::scanner: Discovering "C:\\Users\\RintuMondal\\Videos\\On-going project\\alwar\\prisma"
2025-12-29T05:13:02.231002Z  INFO scan_sources: tailwindcss_oxide::scanner: Discovering "C:\\Users\\RintuMondal\\Videos\\On-going project\\alwar\\prisma\\migrations"
2025-12-29T05:13:02.231295Z  INFO scan_sources: tailwindcss_oxide::scanner: Discovering "C:\\Users\\RintuMondal\\Videos\\On-going project\\alwar\\prisma\\migrations\\20251121000000_init_postgresql"
2025-12-29T05:13:02.231543Z  INFO scan_sources: tailwindcss_oxide::scanner: Discovering "C:\\Users\\RintuMondal\\Videos\\On-going project\\alwar\\prisma\\migrations\\20251121000000_init_postgresql\\migration.sql"
2025-12-29T05:13:02.231688Z  INFO scan_sources: tailwindcss_oxide::scanner: Discovering "C:\\Users\\RintuMondal\\Videos\\On-going project\\alwar\\prisma\\migrations\\migration_lock.toml"
2025-12-29T05:13:02.231900Z  INFO scan_sources: tailwindcss_oxide::scanner: Discovering "C:\\Users\\RintuMondal\\Videos\\On-going project\\alwar\\prisma\\migrations_backup_sqlite"
2025-12-29T05:13:02.232234Z  INFO scan_sources: tailwindcss_oxide::scanner: Discovering "C:\\Users\\RintuMondal\\Videos\\On-going project\\alwar\\prisma\\migrations_backup_sqlite\\20251118054454_init"
2025-12-29T05:13:02.233204Z  INFO scan_sources: tailwindcss_oxide::scanner: Discovering "C:\\Users\\RintuMondal\\Videos\\On-going project\\alwar\\prisma\\migrations_backup_sqlite\\20251118054454_init\\migration.sql"
2025-12-29T05:13:02.233654Z  INFO scan_sources: tailwindcss_oxide::scanner: Discovering "C:\\Users\\RintuMondal\\Videos\\On-going project\\alwar\\prisma\\migrations_backup_sqlite\\20251118060351_change_production_incharge_to_string"
2025-12-29T05:13:02.233927Z  INFO scan_sources: tailwindcss_oxide::scanner: Discovering "C:\\Users\\RintuMondal\\Videos\\On-going project\\alwar\\prisma\\migrations_backup_sqlite\\20251118060351_change_production_incharge_to_string\\migration.sql"
2025-12-29T05:13:02.234443Z  INFO scan_sources: tailwindcss_oxide::scanner: Discovering "C:\\Users\\RintuMondal\\Videos\\On-going project\\alwar\\prisma\\migrations_backup_sqlite\\20251118094037_add_time_field"
2025-12-29T05:13:02.235084Z  INFO scan_sources: tailwindcss_oxide::scanner: Discovering "C:\\Users\\RintuMondal\\Videos\\On-going project\\alwar\\prisma\\migrations_backup_sqlite\\20251118094037_add_time_field\\migration.sql"
2025-12-29T05:13:02.235299Z  INFO scan_sources: tailwindcss_oxide::scanner: Discovering "C:\\Users\\RintuMondal\\Videos\\On-going project\\alwar\\prisma\\migrations_backup_sqlite\\20251118095544_add_in_time_out_time_fields"
2025-12-29T05:13:02.235530Z  INFO scan_sources: tailwindcss_oxide::scanner: Discovering "C:\\Users\\RintuMondal\\Videos\\On-going project\\alwar\\prisma\\migrations_backup_sqlite\\20251118095544_add_in_time_out_time_fields\\migration.sql"
2025-12-29T05:13:02.235728Z  INFO scan_sources: tailwindcss_oxide::scanner: Discovering "C:\\Users\\RintuMondal\\Videos\\On-going project\\alwar\\prisma\\migrations_backup_sqlite\\20251118095920_remove_time_field"
2025-12-29T05:13:02.235936Z  INFO scan_sources: tailwindcss_oxide::scanner: Discovering "C:\\Users\\RintuMondal\\Videos\\On-going project\\alwar\\prisma\\migrations_backup_sqlite\\20251118095920_remove_time_field\\migration.sql"
2025-12-29T05:13:02.236251Z  INFO scan_sources: tailwindcss_oxide::scanner: Discovering "C:\\Users\\RintuMondal\\Videos\\On-going project\\alwar\\prisma\\migrations_backup_sqlite\\20251118100706_add_date_field"
2025-12-29T05:13:02.236604Z  INFO scan_sources: tailwindcss_oxide::scanner: Discovering "C:\\Users\\RintuMondal\\Videos\\On-going project\\alwar\\prisma\\migrations_backup_sqlite\\20251118100706_add_date_field\\migration.sql"
2025-12-29T05:13:02.236807Z  INFO scan_sources: tailwindcss_oxide::scanner: Discovering "C:\\Users\\RintuMondal\\Videos\\On-going project\\alwar\\prisma\\migrations_backup_sqlite\\20251119074814_add_employee_attendance_system"
2025-12-29T05:13:02.237006Z  INFO scan_sources: tailwindcss_oxide::scanner: Discovering "C:\\Users\\RintuMondal\\Videos\\On-going project\\alwar\\prisma\\migrations_backup_sqlite\\20251119074814_add_employee_attendance_system\\migration.sql"
2025-12-29T05:13:02.237178Z  INFO scan_sources: tailwindcss_oxide::scanner: Discovering "C:\\Users\\RintuMondal\\Videos\\On-going project\\alwar\\prisma\\migrations_backup_sqlite\\20251119084831_add_employee_role_and_id"
2025-12-29T05:13:02.237375Z  INFO scan_sources: tailwindcss_oxide::scanner: Discovering "C:\\Users\\RintuMondal\\Videos\\On-going project\\alwar\\prisma\\migrations_backup_sqlite\\20251119084831_add_employee_role_and_id\\migration.sql"
2025-12-29T05:13:02.237774Z  INFO scan_sources: tailwindcss_oxide::scanner: Discovering "C:\\Users\\RintuMondal\\Videos\\On-going project\\alwar\\prisma\\migrations_backup_sqlite\\20251119085252_update_employee_schema"
2025-12-29T05:13:02.238026Z  INFO scan_sources: tailwindcss_oxide::scanner: Discovering "C:\\Users\\RintuMondal\\Videos\\On-going project\\alwar\\prisma\\migrations_backup_sqlite\\20251119085252_update_employee_schema\\migration.sql"
2025-12-29T05:13:02.238232Z  INFO scan_sources: tailwindcss_oxide::scanner: Discovering "C:\\Users\\RintuMondal\\Videos\\On-going project\\alwar\\prisma\\migrations_backup_sqlite\\20251121000000_init_postgresql"
2025-12-29T05:13:02.238479Z  INFO scan_sources: tailwindcss_oxide::scanner: Discovering "C:\\Users\\RintuMondal\\Videos\\On-going project\\alwar\\prisma\\migrations_backup_sqlite\\20251121000000_init_postgresql\\migration.sql"
2025-12-29T05:13:02.239011Z  INFO scan_sources: tailwindcss_oxide::scanner: Discovering "C:\\Users\\RintuMondal\\Videos\\On-going project\\alwar\\prisma\\schema.prisma"
2025-12-29T05:13:02.239142Z  INFO scan_sources: tailwindcss_oxide::scanner: Discovering "C:\\Users\\RintuMondal\\Videos\\On-going project\\alwar\\prisma.config.ts"
2025-12-29T05:13:02.239224Z  INFO scan_sources: tailwindcss_oxide::scanner: Discovering "C:\\Users\\RintuMondal\\Videos\\On-going project\\alwar\\PROJECT_SUMMARY.md"
2025-12-29T05:13:02.239300Z  INFO scan_sources: tailwindcss_oxide::scanner: Discovering "C:\\Users\\RintuMondal\\Videos\\On-going project\\alwar\\proxy.ts"
2025-12-29T05:13:02.239440Z  INFO scan_sources: tailwindcss_oxide::scanner: Discovering "C:\\Users\\RintuMondal\\Videos\\On-going project\\alwar\\public"
2025-12-29T05:13:02.239621Z  INFO scan_sources: tailwindcss_oxide::scanner: Discovering "C:\\Users\\RintuMondal\\Videos\\On-going project\\alwar\\public\\file.svg"
2025-12-29T05:13:02.239692Z  INFO scan_sources: tailwindcss_oxide::scanner: Discovering "C:\\Users\\RintuMondal\\Videos\\On-going project\\alwar\\public\\globe.svg"
2025-12-29T05:13:02.239766Z  INFO scan_sources: tailwindcss_oxide::scanner: Discovering "C:\\Users\\RintuMondal\\Videos\\On-going project\\alwar\\public\\next.svg"
2025-12-29T05:13:02.239892Z  INFO scan_sources: tailwindcss_oxide::scanner: Discovering "C:\\Users\\RintuMondal\\Videos\\On-going project\\alwar\\public\\vercel.svg"
2025-12-29T05:13:02.239984Z  INFO scan_sources: tailwindcss_oxide::scanner: Discovering "C:\\Users\\RintuMondal\\Videos\\On-going project\\alwar\\public\\window.svg"
2025-12-29T05:13:02.240126Z  INFO scan_sources: tailwindcss_oxide::scanner: Discovering "C:\\Users\\RintuMondal\\Videos\\On-going project\\alwar\\README.md"
2025-12-29T05:13:02.240336Z  INFO scan_sources: tailwindcss_oxide::scanner: Discovering "C:\\Users\\RintuMondal\\Videos\\On-going project\\alwar\\scripts"
2025-12-29T05:13:02.240593Z  INFO scan_sources: tailwindcss_oxide::scanner: Discovering "C:\\Users\\RintuMondal\\Videos\\On-going project\\alwar\\scripts\\create-user.js"
2025-12-29T05:13:02.240840Z  INFO scan_sources: tailwindcss_oxide::scanner: Discovering "C:\\Users\\RintuMondal\\Videos\\On-going project\\alwar\\scripts\\make-admin.js"
2025-12-29T05:13:02.240952Z  INFO scan_sources: tailwindcss_oxide::scanner: Discovering "C:\\Users\\RintuMondal\\Videos\\On-going project\\alwar\\scripts\\setup-appwrite-db.js"
2025-12-29T05:13:02.241254Z  INFO scan_sources: tailwindcss_oxide::scanner: Discovering "C:\\Users\\RintuMondal\\Videos\\On-going project\\alwar\\SETUP.md"
2025-12-29T05:13:02.241378Z  INFO scan_sources: tailwindcss_oxide::scanner: Discovering "C:\\Users\\RintuMondal\\Videos\\On-going project\\alwar\\SIDEBAR_DESIGN_PROMPT.md"
2025-12-29T05:13:02.241483Z  INFO scan_sources: tailwindcss_oxide::scanner: Discovering "C:\\Users\\RintuMondal\\Videos\\On-going project\\alwar\\tsconfig.json"
2025-12-29T05:13:02.241805Z  INFO scan_sources: tailwindcss_oxide::scanner: Discovering "C:\\Users\\RintuMondal\\Videos\\On-going project\\alwar\\types"
2025-12-29T05:13:02.242173Z  INFO scan_sources: tailwindcss_oxide::scanner: Discovering "C:\\Users\\RintuMondal\\Videos\\On-going project\\alwar\\types\\next-auth.d.ts"
2025-12-29T05:13:02.242410Z  INFO scan_sources: tailwindcss_oxide::scanner: Discovering "C:\\Users\\RintuMondal\\Videos\\On-going project\\alwar\\types\\record.ts"
2025-12-29T05:13:02.242963Z  INFO scan_sources: tailwindcss_oxide::scanner: Discovering "C:\\Users\\RintuMondal\\Videos\\On-going project\\alwar\\__tests__"
2025-12-29T05:13:02.243197Z  INFO scan_sources: tailwindcss_oxide::scanner: Discovering "C:\\Users\\RintuMondal\\Videos\\On-going project\\alwar\\__tests__\\employee-navigation.test.ts"
2025-12-29T05:13:02.243416Z  INFO scan_sources: tailwindcss_oxide::scanner: exit
2025-12-29T05:13:02.243446Z  INFO extract_candidates: tailwindcss_oxide::scanner: enter
2025-12-29T05:13:02.243458Z  INFO extract_candidates:read_all_files: tailwindcss_oxide::scanner: enter
2025-12-29T05:13:02.243463Z  INFO extract_candidates:read_all_files: tailwindcss_oxide::scanner: Reading 113 file(s)
2025-12-29T05:13:02.245602Z  INFO tailwindcss_oxide::scanner: Reading "C:\\Users\\RintuMondal\\Videos\\On-going project\\alwar\\components\\ui\\textarea.tsx"
2025-12-29T05:13:02.245583Z  INFO tailwindcss_oxide::scanner: Reading "C:\\Users\\RintuMondal\\Videos\\On-going project\\alwar\\.github\\agents\\debug.agent.md"
2025-12-29T05:13:02.245828Z  INFO tailwindcss_oxide::scanner: Reading "C:\\Users\\RintuMondal\\Videos\\On-going project\\alwar\\components.json"
2025-12-29T05:13:02.245833Z  INFO tailwindcss_oxide::scanner: Reading "C:\\Users\\RintuMondal\\Videos\\On-going project\\alwar\\app\\settings\\page.tsx"
2025-12-29T05:13:02.245851Z  INFO tailwindcss_oxide::scanner: Reading "C:\\Users\\RintuMondal\\Videos\\On-going project\\alwar\\app\\admin\\layout.tsx"
2025-12-29T05:13:02.246041Z  INFO tailwindcss_oxide::scanner: Reading "C:\\Users\\RintuMondal\\Videos\\On-going project\\alwar\\DEPLOYMENT.md"
2025-12-29T05:13:02.246064Z  INFO tailwindcss_oxide::scanner: Reading "C:\\Users\\RintuMondal\\Videos\\On-going project\\alwar\\AUTOSAVE_HOOK_GUIDE.md"
2025-12-29T05:13:02.246096Z  INFO tailwindcss_oxide::scanner: Reading "C:\\Users\\RintuMondal\\Videos\\On-going project\\alwar\\app\\admin\\users\\page.tsx"
2025-12-29T05:13:02.246253Z  INFO tailwindcss_oxide::scanner: Reading "C:\\Users\\RintuMondal\\Videos\\On-going project\\alwar\\EMPLOYEE_NAVIGATION_DIAGRAMS.md"
2025-12-29T05:13:02.246283Z  INFO tailwindcss_oxide::scanner: Reading "C:\\Users\\RintuMondal\\Videos\\On-going project\\alwar\\AUTOSAVE_QUICK_REFERENCE.md"
2025-12-29T05:13:02.246328Z  INFO tailwindcss_oxide::scanner: Reading "C:\\Users\\RintuMondal\\Videos\\On-going project\\alwar\\app\\admin\\users\\[id]\\page.tsx"
2025-12-29T05:13:02.246458Z  INFO tailwindcss_oxide::scanner: Reading "C:\\Users\\RintuMondal\\Videos\\On-going project\\alwar\\AUTO_SAVE_DOCUMENTATION.md"
2025-12-29T05:13:02.246490Z  INFO tailwindcss_oxide::scanner: Reading "C:\\Users\\RintuMondal\\Videos\\On-going project\\alwar\\app\\all-entries\\page.tsx"
2025-12-29T05:13:02.246464Z  INFO tailwindcss_oxide::scanner: Reading "C:\\Users\\RintuMondal\\Videos\\On-going project\\alwar\\EMPLOYEE_NAVIGATION_DOCUMENTATION.md"
2025-12-29T05:13:02.246695Z  INFO tailwindcss_oxide::scanner: Reading "C:\\Users\\RintuMondal\\Videos\\On-going project\\alwar\\AUTO_SAVE_FLOW_DIAGRAM.md"
2025-12-29T05:13:02.246705Z  INFO tailwindcss_oxide::scanner: Reading "C:\\Users\\RintuMondal\\Videos\\On-going project\\alwar\\app\\api\\admin\\users\\route.ts"
2025-12-29T05:13:02.246870Z  INFO tailwindcss_oxide::scanner: Reading "C:\\Users\\RintuMondal\\Videos\\On-going project\\alwar\\app\\api\\admin\\users\\[id]\\route.ts"
2025-12-29T05:13:02.247026Z  INFO tailwindcss_oxide::scanner: Reading "C:\\Users\\RintuMondal\\Videos\\On-going project\\alwar\\app\\api\\auth\\register\\route.ts"
2025-12-29T05:13:02.247052Z  INFO tailwindcss_oxide::scanner: Reading "C:\\Users\\RintuMondal\\Videos\\On-going project\\alwar\\EMPLOYEE_NAVIGATION_QUICK_REF.md"
2025-12-29T05:13:02.247068Z  INFO tailwindcss_oxide::scanner: Reading "C:\\Users\\RintuMondal\\Videos\\On-going project\\alwar\\AUTO_SAVE_IMPLEMENTATION_SUMMARY.md"
2025-12-29T05:13:02.247184Z  INFO tailwindcss_oxide::scanner: Reading "C:\\Users\\RintuMondal\\Videos\\On-going project\\alwar\\app\\api\\auth\\[...nextauth]\\route.ts"
2025-12-29T05:13:02.247246Z  INFO tailwindcss_oxide::scanner: Reading "C:\\Users\\RintuMondal\\Videos\\On-going project\\alwar\\EMPLOYEE_NAVIGATION_SUMMARY.md"
2025-12-29T05:13:02.247313Z  INFO tailwindcss_oxide::scanner: Reading "C:\\Users\\RintuMondal\\Videos\\On-going project\\alwar\\components\\AccessDenied.tsx"
2025-12-29T05:13:02.247323Z  INFO tailwindcss_oxide::scanner: Reading "C:\\Users\\RintuMondal\\Videos\\On-going project\\alwar\\app\\api\\employee-attendance\\route.ts"
2025-12-29T05:13:02.247431Z  INFO tailwindcss_oxide::scanner: Reading "C:\\Users\\RintuMondal\\Videos\\On-going project\\alwar\\eslint.config.mjs"
2025-12-29T05:13:02.247476Z  INFO tailwindcss_oxide::scanner: Reading "C:\\Users\\RintuMondal\\Videos\\On-going project\\alwar\\app\\api\\employees\\route.ts"
2025-12-29T05:13:02.247596Z  INFO tailwindcss_oxide::scanner: Reading "C:\\Users\\RintuMondal\\Videos\\On-going project\\alwar\\FEATURES.md"
2025-12-29T05:13:02.247614Z  INFO tailwindcss_oxide::scanner: Reading "C:\\Users\\RintuMondal\\Videos\\On-going project\\alwar\\app\\api\\employees\\[id]\\attendance\\route.ts"
2025-12-29T05:13:02.247762Z  INFO tailwindcss_oxide::scanner: Reading "C:\\Users\\RintuMondal\\Videos\\On-going project\\alwar\\app\\api\\employees\\[id]\\route.ts"
2025-12-29T05:13:02.247780Z  INFO tailwindcss_oxide::scanner: Reading "C:\\Users\\RintuMondal\\Videos\\On-going project\\alwar\\lib\\appwrite-server.ts"
2025-12-29T05:13:02.247907Z  INFO tailwindcss_oxide::scanner: Reading "C:\\Users\\RintuMondal\\Videos\\On-going project\\alwar\\app\\api\\health\\route.ts"
2025-12-29T05:13:02.247938Z  INFO tailwindcss_oxide::scanner: Reading "C:\\Users\\RintuMondal\\Videos\\On-going project\\alwar\\lib\\appwrite.ts"
2025-12-29T05:13:02.248039Z  INFO tailwindcss_oxide::scanner: Reading "C:\\Users\\RintuMondal\\Videos\\On-going project\\alwar\\app\\api\\manpower\\route.ts"
2025-12-29T05:13:02.248023Z  INFO tailwindcss_oxide::scanner: Reading "C:\\Users\\RintuMondal\\Videos\\On-going project\\alwar\\components\\RecordCard.tsx"
2025-12-29T05:13:02.248359Z  INFO tailwindcss_oxide::scanner: Reading "C:\\Users\\RintuMondal\\Videos\\On-going project\\alwar\\components\\RecordForm.tsx"
2025-12-29T05:13:02.248584Z  INFO tailwindcss_oxide::scanner: Reading "C:\\Users\\RintuMondal\\Videos\\On-going project\\alwar\\components\\RecordList.tsx"
2025-12-29T05:13:02.248737Z  INFO tailwindcss_oxide::scanner: Reading "C:\\Users\\RintuMondal\\Videos\\On-going project\\alwar\\components\\RegisterForm.tsx"
2025-12-29T05:13:02.248907Z  INFO tailwindcss_oxide::scanner: Reading "C:\\Users\\RintuMondal\\Videos\\On-going project\\alwar\\components\\ui\\background-gradient.tsx"
2025-12-29T05:13:02.249091Z  INFO tailwindcss_oxide::scanner: Reading "C:\\Users\\RintuMondal\\Videos\\On-going project\\alwar\\components\\ui\\bg-pattern.tsx"
2025-12-29T05:13:02.249281Z  INFO tailwindcss_oxide::scanner: Reading "C:\\Users\\RintuMondal\\Videos\\On-going project\\alwar\\components\\ui\\button.tsx"
2025-12-29T05:13:02.249485Z  INFO tailwindcss_oxide::scanner: Reading "C:\\Users\\RintuMondal\\Videos\\On-going project\\alwar\\components\\ui\\field.tsx"
2025-12-29T05:13:02.247477Z  INFO tailwindcss_oxide::scanner: Reading "C:\\Users\\RintuMondal\\Videos\\On-going project\\alwar\\components\\AppSidebar.tsx"
2025-12-29T05:13:02.251372Z  INFO tailwindcss_oxide::scanner: Reading "C:\\Users\\RintuMondal\\Videos\\On-going project\\alwar\\components\\AppwritePinger.tsx"
2025-12-29T05:13:02.251565Z  INFO tailwindcss_oxide::scanner: Reading "C:\\Users\\RintuMondal\\Videos\\On-going project\\alwar\\components\\AttendanceCalendar.tsx"
2025-12-29T05:13:02.248080Z  INFO tailwindcss_oxide::scanner: Reading "C:\\Users\\RintuMondal\\Videos\\On-going project\\alwar\\lib\\appwriteAuth.ts"
2025-12-29T05:13:02.251769Z  INFO tailwindcss_oxide::scanner: Reading "C:\\Users\\RintuMondal\\Videos\\On-going project\\alwar\\components\\EmployeeSelector.tsx"
2025-12-29T05:13:02.252030Z  INFO tailwindcss_oxide::scanner: Reading "C:\\Users\\RintuMondal\\Videos\\On-going project\\alwar\\components\\EmployeeTable.tsx"
2025-12-29T05:13:02.252203Z  INFO tailwindcss_oxide::scanner: Reading "C:\\Users\\RintuMondal\\Videos\\On-going project\\alwar\\components\\LoginForm.tsx"
2025-12-29T05:13:02.252307Z  INFO tailwindcss_oxide::scanner: Reading "C:\\Users\\RintuMondal\\Videos\\On-going project\\alwar\\lib\\appwriteUtils.ts"
2025-12-29T05:13:02.252365Z  INFO tailwindcss_oxide::scanner: Reading "C:\\Users\\RintuMondal\\Videos\\On-going project\\alwar\\components\\Providers.tsx"
2025-12-29T05:13:02.252466Z  INFO tailwindcss_oxide::scanner: Reading "C:\\Users\\RintuMondal\\Videos\\On-going project\\alwar\\lib\\auth.ts"
2025-12-29T05:13:02.252545Z  INFO tailwindcss_oxide::scanner: Reading "C:\\Users\\RintuMondal\\Videos\\On-going project\\alwar\\app\\employee-attendance\\page.tsx"
2025-12-29T05:13:02.252644Z  INFO tailwindcss_oxide::scanner: Reading "C:\\Users\\RintuMondal\\Videos\\On-going project\\alwar\\lib\\autoSaveUtils.test.ts"
2025-12-29T05:13:02.252710Z  INFO tailwindcss_oxide::scanner: Reading "C:\\Users\\RintuMondal\\Videos\\On-going project\\alwar\\app\\employees\\page.tsx"
2025-12-29T05:13:02.252811Z  INFO tailwindcss_oxide::scanner: Reading "C:\\Users\\RintuMondal\\Videos\\On-going project\\alwar\\lib\\autoSaveUtils.ts"
2025-12-29T05:13:02.252893Z  INFO tailwindcss_oxide::scanner: Reading "C:\\Users\\RintuMondal\\Videos\\On-going project\\alwar\\app\\employees\\[id]\\page.tsx"
2025-12-29T05:13:02.252941Z  INFO tailwindcss_oxide::scanner: Reading "C:\\Users\\RintuMondal\\Videos\\On-going project\\alwar\\lib\\db.ts"
2025-12-29T05:13:02.253051Z  INFO tailwindcss_oxide::scanner: Reading "C:\\Users\\RintuMondal\\Videos\\On-going project\\alwar\\app\\layout.tsx"
2025-12-29T05:13:02.253057Z  INFO tailwindcss_oxide::scanner: Reading "C:\\Users\\RintuMondal\\Videos\\On-going project\\alwar\\lib\\employeeUtils.ts"
2025-12-29T05:13:02.253184Z  INFO tailwindcss_oxide::scanner: Reading "C:\\Users\\RintuMondal\\Videos\\On-going project\\alwar\\app\\login\\page.tsx"
2025-12-29T05:13:02.253186Z  INFO tailwindcss_oxide::scanner: Reading "C:\\Users\\RintuMondal\\Videos\\On-going project\\alwar\\lib\\googleSheets.ts"
2025-12-29T05:13:02.253340Z  INFO tailwindcss_oxide::scanner: Reading "C:\\Users\\RintuMondal\\Videos\\On-going project\\alwar\\app\\page.tsx"
2025-12-29T05:13:02.253399Z  INFO tailwindcss_oxide::scanner: Reading "C:\\Users\\RintuMondal\\Videos\\On-going project\\alwar\\lib\\hooks\\useAutoSave.ts"
2025-12-29T05:13:02.253472Z  INFO tailwindcss_oxide::scanner: Reading "C:\\Users\\RintuMondal\\Videos\\On-going project\\alwar\\app\\register\\page.tsx"
2025-12-29T05:13:02.253554Z  INFO tailwindcss_oxide::scanner: Reading "C:\\Users\\RintuMondal\\Videos\\On-going project\\alwar\\lib\\hooks\\useEmployeeNavigation.ts"
2025-12-29T05:13:02.253618Z  INFO tailwindcss_oxide::scanner: Reading "C:\\Users\\RintuMondal\\Videos\\On-going project\\alwar\\app\\api\\records\\[id]\\route.ts"
2025-12-29T05:13:02.253679Z  INFO tailwindcss_oxide::scanner: Reading "C:\\Users\\RintuMondal\\Videos\\On-going project\\alwar\\lib\\utils.ts"
2025-12-29T05:13:02.253774Z  INFO tailwindcss_oxide::scanner: Reading "C:\\Users\\RintuMondal\\Videos\\On-going project\\alwar\\app\\api\\settings\\change-password\\route.ts"
2025-12-29T05:13:02.253820Z  INFO tailwindcss_oxide::scanner: Reading "C:\\Users\\RintuMondal\\Videos\\On-going project\\alwar\\LOCAL_DB_SETUP.md"
2025-12-29T05:13:02.253905Z  INFO tailwindcss_oxide::scanner: Reading "C:\\Users\\RintuMondal\\Videos\\On-going project\\alwar\\app\\api\\settings\\export\\route.ts"
2025-12-29T05:13:02.253982Z  INFO tailwindcss_oxide::scanner: Reading "C:\\Users\\RintuMondal\\Videos\\On-going project\\alwar\\next.config.ts"
2025-12-29T05:13:02.254079Z  INFO tailwindcss_oxide::scanner: Reading "C:\\Users\\RintuMondal\\Videos\\On-going project\\alwar\\app\\dashboard\\page.tsx"
2025-12-29T05:13:02.254109Z  INFO tailwindcss_oxide::scanner: Reading "C:\\Users\\RintuMondal\\Videos\\On-going project\\alwar\\package.json"
2025-12-29T05:13:02.254238Z  INFO tailwindcss_oxide::scanner: Reading "C:\\Users\\RintuMondal\\Videos\\On-going project\\alwar\\postcss.config.mjs"
2025-12-29T05:13:02.254279Z  INFO tailwindcss_oxide::scanner: Reading "C:\\Users\\RintuMondal\\Videos\\On-going project\\alwar\\prisma\\migrations_backup_sqlite\\20251118054454_init\\migration.sql"
2025-12-29T05:13:02.254399Z  INFO tailwindcss_oxide::scanner: Reading "C:\\Users\\RintuMondal\\Videos\\On-going project\\alwar\\prisma\\migrations\\20251121000000_init_postgresql\\migration.sql"
2025-12-29T05:13:02.254536Z  INFO tailwindcss_oxide::scanner: Reading "C:\\Users\\RintuMondal\\Videos\\On-going project\\alwar\\prisma\\migrations_backup_sqlite\\20251118060351_change_production_incharge_to_string\\migration.sql"
2025-12-29T05:13:02.254554Z  INFO tailwindcss_oxide::scanner: Reading "C:\\Users\\RintuMondal\\Videos\\On-going project\\alwar\\prisma\\migrations\\migration_lock.toml"
2025-12-29T05:13:02.254722Z  INFO tailwindcss_oxide::scanner: Reading "C:\\Users\\RintuMondal\\Videos\\On-going project\\alwar\\public\\file.svg"
2025-12-29T05:13:02.254756Z  INFO tailwindcss_oxide::scanner: Reading "C:\\Users\\RintuMondal\\Videos\\On-going project\\alwar\\prisma\\migrations_backup_sqlite\\20251118094037_add_time_field\\migration.sql"
2025-12-29T05:13:02.254773Z  INFO tailwindcss_oxide::scanner: Reading "C:\\Users\\RintuMondal\\Videos\\On-going project\\alwar\\app\\api\\records\\route.ts"
2025-12-29T05:13:02.254894Z  INFO tailwindcss_oxide::scanner: Reading "C:\\Users\\RintuMondal\\Videos\\On-going project\\alwar\\public\\globe.svg"
2025-12-29T05:13:02.254947Z  INFO tailwindcss_oxide::scanner: Reading "C:\\Users\\RintuMondal\\Videos\\On-going project\\alwar\\prisma\\migrations_backup_sqlite\\20251118095544_add_in_time_out_time_fields\\migration.sql"
2025-12-29T05:13:02.254996Z  INFO tailwindcss_oxide::scanner: Reading "C:\\Users\\RintuMondal\\Videos\\On-going project\\alwar\\app\\api\\records\\[id]\\employees\\route.ts"
2025-12-29T05:13:02.255054Z  INFO tailwindcss_oxide::scanner: Reading "C:\\Users\\RintuMondal\\Videos\\On-going project\\alwar\\public\\next.svg"
2025-12-29T05:13:02.255127Z  INFO tailwindcss_oxide::scanner: Reading "C:\\Users\\RintuMondal\\Videos\\On-going project\\alwar\\prisma\\migrations_backup_sqlite\\20251118095920_remove_time_field\\migration.sql"
2025-12-29T05:13:02.255210Z  INFO tailwindcss_oxide::scanner: Reading "C:\\Users\\RintuMondal\\Videos\\On-going project\\alwar\\scripts\\make-admin.js"
2025-12-29T05:13:02.255217Z  INFO tailwindcss_oxide::scanner: Reading "C:\\Users\\RintuMondal\\Videos\\On-going project\\alwar\\public\\vercel.svg"
2025-12-29T05:13:02.255291Z  INFO tailwindcss_oxide::scanner: Reading "C:\\Users\\RintuMondal\\Videos\\On-going project\\alwar\\prisma\\migrations_backup_sqlite\\20251118100706_add_date_field\\migration.sql"
2025-12-29T05:13:02.255361Z  INFO tailwindcss_oxide::scanner: Reading "C:\\Users\\RintuMondal\\Videos\\On-going project\\alwar\\public\\window.svg"
2025-12-29T05:13:02.255405Z  INFO tailwindcss_oxide::scanner: Reading "C:\\Users\\RintuMondal\\Videos\\On-going project\\alwar\\scripts\\setup-appwrite-db.js"
2025-12-29T05:13:02.255484Z  INFO tailwindcss_oxide::scanner: Reading "C:\\Users\\RintuMondal\\Videos\\On-going project\\alwar\\prisma\\migrations_backup_sqlite\\20251119074814_add_employee_attendance_system\\migration.sql"
2025-12-29T05:13:02.255510Z  INFO tailwindcss_oxide::scanner: Reading "C:\\Users\\RintuMondal\\Videos\\On-going project\\alwar\\README.md"
2025-12-29T05:13:02.255588Z  INFO tailwindcss_oxide::scanner: Reading "C:\\Users\\RintuMondal\\Videos\\On-going project\\alwar\\SETUP.md"
2025-12-29T05:13:02.255669Z  INFO tailwindcss_oxide::scanner: Reading "C:\\Users\\RintuMondal\\Videos\\On-going project\\alwar\\scripts\\create-user.js"
2025-12-29T05:13:02.255671Z  INFO tailwindcss_oxide::scanner: Reading "C:\\Users\\RintuMondal\\Videos\\On-going project\\alwar\\prisma\\migrations_backup_sqlite\\20251119084831_add_employee_role_and_id\\migration.sql"
2025-12-29T05:13:02.255663Z  INFO tailwindcss_oxide::scanner: Reading "C:\\Users\\RintuMondal\\Videos\\On-going project\\alwar\\components\\ui\\input.tsx"
2025-12-29T05:13:02.255759Z  INFO tailwindcss_oxide::scanner: Reading "C:\\Users\\RintuMondal\\Videos\\On-going project\\alwar\\SIDEBAR_DESIGN_PROMPT.md"
2025-12-29T05:13:02.255832Z  INFO tailwindcss_oxide::scanner: Reading "C:\\Users\\RintuMondal\\Videos\\On-going project\\alwar\\tsconfig.json"
2025-12-29T05:13:02.255955Z  INFO tailwindcss_oxide::scanner: Reading "C:\\Users\\RintuMondal\\Videos\\On-going project\\alwar\\components\\ui\\label.tsx"
2025-12-29T05:13:02.255964Z  INFO tailwindcss_oxide::scanner: Reading "C:\\Users\\RintuMondal\\Videos\\On-going project\\alwar\\prisma\\migrations_backup_sqlite\\20251119085252_update_employee_schema\\migration.sql"
2025-12-29T05:13:02.256010Z  INFO tailwindcss_oxide::scanner: Reading "C:\\Users\\RintuMondal\\Videos\\On-going project\\alwar\\types\\next-auth.d.ts"
2025-12-29T05:13:02.256095Z  INFO tailwindcss_oxide::scanner: Reading "C:\\Users\\RintuMondal\\Videos\\On-going project\\alwar\\types\\record.ts"
2025-12-29T05:13:02.256138Z  INFO tailwindcss_oxide::scanner: Reading "C:\\Users\\RintuMondal\\Videos\\On-going project\\alwar\\components\\ui\\select.tsx"
2025-12-29T05:13:02.256157Z  INFO tailwindcss_oxide::scanner: Reading "C:\\Users\\RintuMondal\\Videos\\On-going project\\alwar\\prisma\\migrations_backup_sqlite\\20251121000000_init_postgresql\\migration.sql"
2025-12-29T05:13:02.256191Z  INFO tailwindcss_oxide::scanner: Reading "C:\\Users\\RintuMondal\\Videos\\On-going project\\alwar\\__tests__\\employee-navigation.test.ts"
2025-12-29T05:13:02.256308Z  INFO tailwindcss_oxide::scanner: Reading "C:\\Users\\RintuMondal\\Videos\\On-going project\\alwar\\components\\ui\\separator.tsx"
2025-12-29T05:13:02.256313Z  INFO tailwindcss_oxide::scanner: Reading "C:\\Users\\RintuMondal\\Videos\\On-going project\\alwar\\PROJECT_SUMMARY.md"
2025-12-29T05:13:02.256339Z  INFO tailwindcss_oxide::scanner: Reading "C:\\Users\\RintuMondal\\Videos\\On-going project\\alwar\\prisma.config.ts"
2025-12-29T05:13:02.256349Z  INFO tailwindcss_oxide::scanner: Reading "C:\\Users\\RintuMondal\\Videos\\On-going project\\alwar\\prisma\\schema.prisma"
2025-12-29T05:13:02.256460Z  INFO tailwindcss_oxide::scanner: Reading "C:\\Users\\RintuMondal\\Videos\\On-going project\\alwar\\proxy.ts"
2025-12-29T05:13:02.256491Z  INFO tailwindcss_oxide::scanner: Reading "C:\\Users\\RintuMondal\\Videos\\On-going project\\alwar\\components\\ui\\shape-landing-hero.tsx"
2025-12-29T05:13:02.256541Z  INFO tailwindcss_oxide::scanner: Reading "C:\\Users\\RintuMondal\\Videos\\On-going project\\alwar\\components\\ui\\sidebar.tsx"
2025-12-29T05:13:02.257780Z  INFO extract_candidates:read_all_files: tailwindcss_oxide::scanner: exit
2025-12-29T05:13:02.257827Z  INFO extract_candidates:parse_all_blobs: tailwindcss_oxide::scanner: enter
2025-12-29T05:13:02.257839Z  INFO extract_candidates:parse_all_blobs:extract: tailwindcss_oxide::scanner: enter
2025-12-29T05:13:02.278996Z  INFO extract_candidates:parse_all_blobs:extract: tailwindcss_oxide::scanner: exit
2025-12-29T05:13:02.279284Z  INFO extract_candidates:parse_all_blobs: tailwindcss_oxide::scanner: exit
2025-12-29T05:13:02.279317Z  INFO extract_candidates:read_all_files: tailwindcss_oxide::scanner: enter
2025-12-29T05:13:02.279324Z  INFO extract_candidates:read_all_files: tailwindcss_oxide::scanner: Reading 1 file(s)
2025-12-29T05:13:02.279569Z  INFO extract_candidates:read_all_files: tailwindcss_oxide::scanner: Reading "C:\\Users\\RintuMondal\\Videos\\On-going project\\alwar\\app\\globals.css"
2025-12-29T05:13:02.279600Z  INFO extract_candidates:read_all_files: tailwindcss_oxide::scanner: exit
2025-12-29T05:13:02.279617Z  INFO extract_candidates:extract_css_variables: tailwindcss_oxide::scanner: enter
2025-12-29T05:13:02.279623Z  INFO extract_candidates:extract_css_variables:extract: tailwindcss_oxide::scanner: enter
2025-12-29T05:13:02.294749Z  INFO extract_candidates:extract_css_variables:extract: tailwindcss_oxide::scanner: exit
2025-12-29T05:13:02.294792Z  INFO extract_candidates:extract_css_variables: tailwindcss_oxide::scanner: exit
2025-12-29T05:13:02.345532Z  INFO extract_candidates: tailwindcss_oxide::scanner: exit
2025-12-29T05:13:02.352365Z  INFO get_files: tailwindcss_oxide::scanner: enter
2025-12-29T05:13:02.352404Z  INFO get_files:scan_sources: tailwindcss_oxide::scanner: enter
2025-12-29T05:13:02.355220Z  INFO get_files:scan_sources: tailwindcss_oxide::scanner: Discovering "C:\\Users\\RintuMondal\\Videos\\On-going project\\alwar\\.github"
2025-12-29T05:13:02.355533Z  INFO get_files:scan_sources: tailwindcss_oxide::scanner: Discovering "C:\\Users\\RintuMondal\\Videos\\On-going project\\alwar\\.github\\agents"
2025-12-29T05:13:02.357100Z  INFO get_files:scan_sources: tailwindcss_oxide::scanner: Discovering "C:\\Users\\RintuMondal\\Videos\\On-going project\\alwar\\app"
2025-12-29T05:13:02.357447Z  INFO get_files:scan_sources: tailwindcss_oxide::scanner: Discovering "C:\\Users\\RintuMondal\\Videos\\On-going project\\alwar\\app\\admin"
2025-12-29T05:13:02.357795Z  INFO get_files:scan_sources: tailwindcss_oxide::scanner: Discovering "C:\\Users\\RintuMondal\\Videos\\On-going project\\alwar\\app\\admin\\users"
2025-12-29T05:13:02.358156Z  INFO get_files:scan_sources: tailwindcss_oxide::scanner: Discovering "C:\\Users\\RintuMondal\\Videos\\On-going project\\alwar\\app\\admin\\users\\[id]"
2025-12-29T05:13:02.358677Z  INFO get_files:scan_sources: tailwindcss_oxide::scanner: Discovering "C:\\Users\\RintuMondal\\Videos\\On-going project\\alwar\\app\\all-entries"
2025-12-29T05:13:02.359186Z  INFO get_files:scan_sources: tailwindcss_oxide::scanner: Discovering "C:\\Users\\RintuMondal\\Videos\\On-going project\\alwar\\app\\api"
2025-12-29T05:13:02.359470Z  INFO get_files:scan_sources: tailwindcss_oxide::scanner: Discovering "C:\\Users\\RintuMondal\\Videos\\On-going project\\alwar\\app\\api\\admin"
2025-12-29T05:13:02.359731Z  INFO get_files:scan_sources: tailwindcss_oxide::scanner: Discovering "C:\\Users\\RintuMondal\\Videos\\On-going project\\alwar\\app\\api\\admin\\users"
2025-12-29T05:13:02.360045Z  INFO get_files:scan_sources: tailwindcss_oxide::scanner: Discovering "C:\\Users\\RintuMondal\\Videos\\On-going project\\alwar\\app\\api\\admin\\users\\[id]"
2025-12-29T05:13:02.360508Z  INFO get_files:scan_sources: tailwindcss_oxide::scanner: Discovering "C:\\Users\\RintuMondal\\Videos\\On-going project\\alwar\\app\\api\\auth"
2025-12-29T05:13:02.360749Z  INFO get_files:scan_sources: tailwindcss_oxide::scanner: Discovering "C:\\Users\\RintuMondal\\Videos\\On-going project\\alwar\\app\\api\\auth\\register"
2025-12-29T05:13:02.361110Z  INFO get_files:scan_sources: tailwindcss_oxide::scanner: Discovering "C:\\Users\\RintuMondal\\Videos\\On-going project\\alwar\\app\\api\\auth\\[...nextauth]"
2025-12-29T05:13:02.361618Z  INFO get_files:scan_sources: tailwindcss_oxide::scanner: Discovering "C:\\Users\\RintuMondal\\Videos\\On-going project\\alwar\\app\\api\\employee-attendance"
2025-12-29T05:13:02.362091Z  INFO get_files:scan_sources: tailwindcss_oxide::scanner: Discovering "C:\\Users\\RintuMondal\\Videos\\On-going project\\alwar\\app\\api\\employees"
2025-12-29T05:13:02.362417Z  INFO get_files:scan_sources: tailwindcss_oxide::scanner: Discovering "C:\\Users\\RintuMondal\\Videos\\On-going project\\alwar\\app\\api\\employees\\[id]"
2025-12-29T05:13:02.362678Z  INFO get_files:scan_sources: tailwindcss_oxide::scanner: Discovering "C:\\Users\\RintuMondal\\Videos\\On-going project\\alwar\\app\\api\\employees\\[id]\\attendance"
2025-12-29T05:13:02.363233Z  INFO get_files:scan_sources: tailwindcss_oxide::scanner: Discovering "C:\\Users\\RintuMondal\\Videos\\On-going project\\alwar\\app\\api\\health"
2025-12-29T05:13:02.363961Z  INFO get_files:scan_sources: tailwindcss_oxide::scanner: Discovering "C:\\Users\\RintuMondal\\Videos\\On-going project\\alwar\\app\\api\\manpower"
2025-12-29T05:13:02.364529Z  INFO get_files:scan_sources: tailwindcss_oxide::scanner: Discovering "C:\\Users\\RintuMondal\\Videos\\On-going project\\alwar\\app\\api\\records"
2025-12-29T05:13:02.365067Z  INFO get_files:scan_sources: tailwindcss_oxide::scanner: Discovering "C:\\Users\\RintuMondal\\Videos\\On-going project\\alwar\\app\\api\\records\\[id]"
2025-12-29T05:13:02.365468Z  INFO get_files:scan_sources: tailwindcss_oxide::scanner: Discovering "C:\\Users\\RintuMondal\\Videos\\On-going project\\alwar\\app\\api\\records\\[id]\\employees"
2025-12-29T05:13:02.366141Z  INFO get_files:scan_sources: tailwindcss_oxide::scanner: Discovering "C:\\Users\\RintuMondal\\Videos\\On-going project\\alwar\\app\\api\\settings"
2025-12-29T05:13:02.366598Z  INFO get_files:scan_sources: tailwindcss_oxide::scanner: Discovering "C:\\Users\\RintuMondal\\Videos\\On-going project\\alwar\\app\\api\\settings\\change-password"
2025-12-29T05:13:02.366977Z  INFO get_files:scan_sources: tailwindcss_oxide::scanner: Discovering "C:\\Users\\RintuMondal\\Videos\\On-going project\\alwar\\app\\api\\settings\\export"
2025-12-29T05:13:02.367470Z  INFO get_files:scan_sources: tailwindcss_oxide::scanner: Discovering "C:\\Users\\RintuMondal\\Videos\\On-going project\\alwar\\app\\dashboard"
2025-12-29T05:13:02.367865Z  INFO get_files:scan_sources: tailwindcss_oxide::scanner: Discovering "C:\\Users\\RintuMondal\\Videos\\On-going project\\alwar\\app\\employee-attendance"
2025-12-29T05:13:02.368235Z  INFO get_files:scan_sources: tailwindcss_oxide::scanner: Discovering "C:\\Users\\RintuMondal\\Videos\\On-going project\\alwar\\app\\employees"
2025-12-29T05:13:02.368546Z  INFO get_files:scan_sources: tailwindcss_oxide::scanner: Discovering "C:\\Users\\RintuMondal\\Videos\\On-going project\\alwar\\app\\employees\\[id]"
2025-12-29T05:13:02.369101Z  INFO get_files:scan_sources: tailwindcss_oxide::scanner: Discovering "C:\\Users\\RintuMondal\\Videos\\On-going project\\alwar\\app\\login"
2025-12-29T05:13:02.369538Z  INFO get_files:scan_sources: tailwindcss_oxide::scanner: Discovering "C:\\Users\\RintuMondal\\Videos\\On-going project\\alwar\\app\\register"
2025-12-29T05:13:02.369921Z  INFO get_files:scan_sources: tailwindcss_oxide::scanner: Discovering "C:\\Users\\RintuMondal\\Videos\\On-going project\\alwar\\app\\settings"
2025-12-29T05:13:02.370789Z  INFO get_files:scan_sources: tailwindcss_oxide::scanner: Discovering "C:\\Users\\RintuMondal\\Videos\\On-going project\\alwar\\components"
2025-12-29T05:13:02.371687Z  INFO get_files:scan_sources: tailwindcss_oxide::scanner: Discovering "C:\\Users\\RintuMondal\\Videos\\On-going project\\alwar\\components\\ui"
2025-12-29T05:13:02.373218Z  INFO get_files:scan_sources: tailwindcss_oxide::scanner: Discovering "C:\\Users\\RintuMondal\\Videos\\On-going project\\alwar\\lib"
2025-12-29T05:13:02.374439Z  INFO get_files:scan_sources: tailwindcss_oxide::scanner: Discovering "C:\\Users\\RintuMondal\\Videos\\On-going project\\alwar\\lib\\hooks"
2025-12-29T05:13:02.376155Z  INFO get_files:scan_sources: tailwindcss_oxide::scanner: Discovering "C:\\Users\\RintuMondal\\Videos\\On-going project\\alwar\\prisma"
2025-12-29T05:13:02.376595Z  INFO get_files:scan_sources: tailwindcss_oxide::scanner: Discovering "C:\\Users\\RintuMondal\\Videos\\On-going project\\alwar\\prisma\\migrations"
2025-12-29T05:13:02.376926Z  INFO get_files:scan_sources: tailwindcss_oxide::scanner: Discovering "C:\\Users\\RintuMondal\\Videos\\On-going project\\alwar\\prisma\\migrations\\20251121000000_init_postgresql"
2025-12-29T05:13:02.377437Z  INFO get_files:scan_sources: tailwindcss_oxide::scanner: Discovering "C:\\Users\\RintuMondal\\Videos\\On-going project\\alwar\\prisma\\migrations_backup_sqlite"
2025-12-29T05:13:02.377745Z  INFO get_files:scan_sources: tailwindcss_oxide::scanner: Discovering "C:\\Users\\RintuMondal\\Videos\\On-going project\\alwar\\prisma\\migrations_backup_sqlite\\20251118054454_init"
2025-12-29T05:13:02.378145Z  INFO get_files:scan_sources: tailwindcss_oxide::scanner: Discovering "C:\\Users\\RintuMondal\\Videos\\On-going project\\alwar\\prisma\\migrations_backup_sqlite\\20251118060351_change_production_incharge_to_string"
2025-12-29T05:13:02.378570Z  INFO get_files:scan_sources: tailwindcss_oxide::scanner: Discovering "C:\\Users\\RintuMondal\\Videos\\On-going project\\alwar\\prisma\\migrations_backup_sqlite\\20251118094037_add_time_field"
2025-12-29T05:13:02.379010Z  INFO get_files:scan_sources: tailwindcss_oxide::scanner: Discovering "C:\\Users\\RintuMondal\\Videos\\On-going project\\alwar\\prisma\\migrations_backup_sqlite\\20251118095544_add_in_time_out_time_fields"
2025-12-29T05:13:02.379466Z  INFO get_files:scan_sources: tailwindcss_oxide::scanner: Discovering "C:\\Users\\RintuMondal\\Videos\\On-going project\\alwar\\prisma\\migrations_backup_sqlite\\20251118095920_remove_time_field"
2025-12-29T05:13:02.379860Z  INFO get_files:scan_sources: tailwindcss_oxide::scanner: Discovering "C:\\Users\\RintuMondal\\Videos\\On-going project\\alwar\\prisma\\migrations_backup_sqlite\\20251118100706_add_date_field"
2025-12-29T05:13:02.380277Z  INFO get_files:scan_sources: tailwindcss_oxide::scanner: Discovering "C:\\Users\\RintuMondal\\Videos\\On-going project\\alwar\\prisma\\migrations_backup_sqlite\\20251119074814_add_employee_attendance_system"
2025-12-29T05:13:02.380742Z  INFO get_files:scan_sources: tailwindcss_oxide::scanner: Discovering "C:\\Users\\RintuMondal\\Videos\\On-going project\\alwar\\prisma\\migrations_backup_sqlite\\20251119084831_add_employee_role_and_id"
2025-12-29T05:13:02.383561Z  INFO get_files:scan_sources: tailwindcss_oxide::scanner: Discovering "C:\\Users\\RintuMondal\\Videos\\On-going project\\alwar\\prisma\\migrations_backup_sqlite\\20251119085252_update_employee_schema"
2025-12-29T05:13:02.384078Z  INFO get_files:scan_sources: tailwindcss_oxide::scanner: Discovering "C:\\Users\\RintuMondal\\Videos\\On-going project\\alwar\\prisma\\migrations_backup_sqlite\\20251121000000_init_postgresql"
2025-12-29T05:13:02.384910Z  INFO get_files:scan_sources: tailwindcss_oxide::scanner: Discovering "C:\\Users\\RintuMondal\\Videos\\On-going project\\alwar\\public"
2025-12-29T05:13:02.385574Z  INFO get_files:scan_sources: tailwindcss_oxide::scanner: Discovering "C:\\Users\\RintuMondal\\Videos\\On-going project\\alwar\\scripts"
2025-12-29T05:13:02.386228Z  INFO get_files:scan_sources: tailwindcss_oxide::scanner: Discovering "C:\\Users\\RintuMondal\\Videos\\On-going project\\alwar\\types"
2025-12-29T05:13:02.386626Z  INFO get_files:scan_sources: tailwindcss_oxide::scanner: Discovering "C:\\Users\\RintuMondal\\Videos\\On-going project\\alwar\\__tests__"
2025-12-29T05:13:02.387030Z  INFO get_files:scan_sources: tailwindcss_oxide::scanner: exit
2025-12-29T05:13:02.403716Z  INFO get_files: tailwindcss_oxide::scanner: exit
2025-12-29T05:13:02.405106Z  INFO get_globs: tailwindcss_oxide::scanner: enter
2025-12-29T05:13:02.405148Z  INFO get_globs:scan_sources: tailwindcss_oxide::scanner: enter
2025-12-29T05:13:02.407520Z  INFO get_globs:scan_sources: tailwindcss_oxide::scanner: Discovering "C:\\Users\\RintuMondal\\Videos\\On-going project\\alwar\\.github"
2025-12-29T05:13:02.407870Z  INFO get_globs:scan_sources: tailwindcss_oxide::scanner: Discovering "C:\\Users\\RintuMondal\\Videos\\On-going project\\alwar\\.github\\agents"
2025-12-29T05:13:02.409362Z  INFO get_globs:scan_sources: tailwindcss_oxide::scanner: Discovering "C:\\Users\\RintuMondal\\Videos\\On-going project\\alwar\\app"
2025-12-29T05:13:02.409694Z  INFO get_globs:scan_sources: tailwindcss_oxide::scanner: Discovering "C:\\Users\\RintuMondal\\Videos\\On-going project\\alwar\\app\\admin"
2025-12-29T05:13:02.410035Z  INFO get_globs:scan_sources: tailwindcss_oxide::scanner: Discovering "C:\\Users\\RintuMondal\\Videos\\On-going project\\alwar\\app\\admin\\users"
2025-12-29T05:13:02.410372Z  INFO get_globs:scan_sources: tailwindcss_oxide::scanner: Discovering "C:\\Users\\RintuMondal\\Videos\\On-going project\\alwar\\app\\admin\\users\\[id]"
2025-12-29T05:13:02.410813Z  INFO get_globs:scan_sources: tailwindcss_oxide::scanner: Discovering "C:\\Users\\RintuMondal\\Videos\\On-going project\\alwar\\app\\all-entries"
2025-12-29T05:13:02.411180Z  INFO get_globs:scan_sources: tailwindcss_oxide::scanner: Discovering "C:\\Users\\RintuMondal\\Videos\\On-going project\\alwar\\app\\api"
2025-12-29T05:13:02.411446Z  INFO get_globs:scan_sources: tailwindcss_oxide::scanner: Discovering "C:\\Users\\RintuMondal\\Videos\\On-going project\\alwar\\app\\api\\admin"
2025-12-29T05:13:02.411683Z  INFO get_globs:scan_sources: tailwindcss_oxide::scanner: Discovering "C:\\Users\\RintuMondal\\Videos\\On-going project\\alwar\\app\\api\\admin\\users"
2025-12-29T05:13:02.412013Z  INFO get_globs:scan_sources: tailwindcss_oxide::scanner: Discovering "C:\\Users\\RintuMondal\\Videos\\On-going project\\alwar\\app\\api\\admin\\users\\[id]"
2025-12-29T05:13:02.412413Z  INFO get_globs:scan_sources: tailwindcss_oxide::scanner: Discovering "C:\\Users\\RintuMondal\\Videos\\On-going project\\alwar\\app\\api\\auth"
2025-12-29T05:13:02.412674Z  INFO get_globs:scan_sources: tailwindcss_oxide::scanner: Discovering "C:\\Users\\RintuMondal\\Videos\\On-going project\\alwar\\app\\api\\auth\\register"
2025-12-29T05:13:02.413008Z  INFO get_globs:scan_sources: tailwindcss_oxide::scanner: Discovering "C:\\Users\\RintuMondal\\Videos\\On-going project\\alwar\\app\\api\\auth\\[...nextauth]"
2025-12-29T05:13:02.413380Z  INFO get_globs:scan_sources: tailwindcss_oxide::scanner: Discovering "C:\\Users\\RintuMondal\\Videos\\On-going project\\alwar\\app\\api\\employee-attendance"
2025-12-29T05:13:02.413728Z  INFO get_globs:scan_sources: tailwindcss_oxide::scanner: Discovering "C:\\Users\\RintuMondal\\Videos\\On-going project\\alwar\\app\\api\\employees"
2025-12-29T05:13:02.414074Z  INFO get_globs:scan_sources: tailwindcss_oxide::scanner: Discovering "C:\\Users\\RintuMondal\\Videos\\On-going project\\alwar\\app\\api\\employees\\[id]"
2025-12-29T05:13:02.414342Z  INFO get_globs:scan_sources: tailwindcss_oxide::scanner: Discovering "C:\\Users\\RintuMondal\\Videos\\On-going project\\alwar\\app\\api\\employees\\[id]\\attendance"
2025-12-29T05:13:02.414848Z  INFO get_globs:scan_sources: tailwindcss_oxide::scanner: Discovering "C:\\Users\\RintuMondal\\Videos\\On-going project\\alwar\\app\\api\\health"
2025-12-29T05:13:02.415248Z  INFO get_globs:scan_sources: tailwindcss_oxide::scanner: Discovering "C:\\Users\\RintuMondal\\Videos\\On-going project\\alwar\\app\\api\\manpower"
2025-12-29T05:13:02.415764Z  INFO get_globs:scan_sources: tailwindcss_oxide::scanner: Discovering "C:\\Users\\RintuMondal\\Videos\\On-going project\\alwar\\app\\api\\records"
2025-12-29T05:13:02.416112Z  INFO get_globs:scan_sources: tailwindcss_oxide::scanner: Discovering "C:\\Users\\RintuMondal\\Videos\\On-going project\\alwar\\app\\api\\records\\[id]"
2025-12-29T05:13:02.416598Z  INFO get_globs:scan_sources: tailwindcss_oxide::scanner: Discovering "C:\\Users\\RintuMondal\\Videos\\On-going project\\alwar\\app\\api\\records\\[id]\\employees"
2025-12-29T05:13:02.417324Z  INFO get_globs:scan_sources: tailwindcss_oxide::scanner: Discovering "C:\\Users\\RintuMondal\\Videos\\On-going project\\alwar\\app\\api\\settings"
2025-12-29T05:13:02.417649Z  INFO get_globs:scan_sources: tailwindcss_oxide::scanner: Discovering "C:\\Users\\RintuMondal\\Videos\\On-going project\\alwar\\app\\api\\settings\\change-password"
2025-12-29T05:13:02.418043Z  INFO get_globs:scan_sources: tailwindcss_oxide::scanner: Discovering "C:\\Users\\RintuMondal\\Videos\\On-going project\\alwar\\app\\api\\settings\\export"
2025-12-29T05:13:02.418499Z  INFO get_globs:scan_sources: tailwindcss_oxide::scanner: Discovering "C:\\Users\\RintuMondal\\Videos\\On-going project\\alwar\\app\\dashboard"
2025-12-29T05:13:02.418898Z  INFO get_globs:scan_sources: tailwindcss_oxide::scanner: Discovering "C:\\Users\\RintuMondal\\Videos\\On-going project\\alwar\\app\\employee-attendance"
2025-12-29T05:13:02.419270Z  INFO get_globs:scan_sources: tailwindcss_oxide::scanner: Discovering "C:\\Users\\RintuMondal\\Videos\\On-going project\\alwar\\app\\employees"
2025-12-29T05:13:02.419780Z  INFO get_globs:scan_sources: tailwindcss_oxide::scanner: Discovering "C:\\Users\\RintuMondal\\Videos\\On-going project\\alwar\\app\\employees\\[id]"
2025-12-29T05:13:02.420330Z  INFO get_globs:scan_sources: tailwindcss_oxide::scanner: Discovering "C:\\Users\\RintuMondal\\Videos\\On-going project\\alwar\\app\\login"
2025-12-29T05:13:02.420756Z  INFO get_globs:scan_sources: tailwindcss_oxide::scanner: Discovering "C:\\Users\\RintuMondal\\Videos\\On-going project\\alwar\\app\\register"
2025-12-29T05:13:02.421121Z  INFO get_globs:scan_sources: tailwindcss_oxide::scanner: Discovering "C:\\Users\\RintuMondal\\Videos\\On-going project\\alwar\\app\\settings"
2025-12-29T05:13:02.421790Z  INFO get_globs:scan_sources: tailwindcss_oxide::scanner: Discovering "C:\\Users\\RintuMondal\\Videos\\On-going project\\alwar\\components"
2025-12-29T05:13:02.422703Z  INFO get_globs:scan_sources: tailwindcss_oxide::scanner: Discovering "C:\\Users\\RintuMondal\\Videos\\On-going project\\alwar\\components\\ui"
2025-12-29T05:13:02.424264Z  INFO get_globs:scan_sources: tailwindcss_oxide::scanner: Discovering "C:\\Users\\RintuMondal\\Videos\\On-going project\\alwar\\lib"
2025-12-29T05:13:02.425126Z  INFO get_globs:scan_sources: tailwindcss_oxide::scanner: Discovering "C:\\Users\\RintuMondal\\Videos\\On-going project\\alwar\\lib\\hooks"
2025-12-29T05:13:02.426145Z  INFO get_globs:scan_sources: tailwindcss_oxide::scanner: Discovering "C:\\Users\\RintuMondal\\Videos\\On-going project\\alwar\\prisma"
2025-12-29T05:13:02.426449Z  INFO get_globs:scan_sources: tailwindcss_oxide::scanner: Discovering "C:\\Users\\RintuMondal\\Videos\\On-going project\\alwar\\prisma\\migrations"
2025-12-29T05:13:02.426721Z  INFO get_globs:scan_sources: tailwindcss_oxide::scanner: Discovering "C:\\Users\\RintuMondal\\Videos\\On-going project\\alwar\\prisma\\migrations\\20251121000000_init_postgresql"
2025-12-29T05:13:02.427158Z  INFO get_globs:scan_sources: tailwindcss_oxide::scanner: Discovering "C:\\Users\\RintuMondal\\Videos\\On-going project\\alwar\\prisma\\migrations_backup_sqlite"
2025-12-29T05:13:02.427455Z  INFO get_globs:scan_sources: tailwindcss_oxide::scanner: Discovering "C:\\Users\\RintuMondal\\Videos\\On-going project\\alwar\\prisma\\migrations_backup_sqlite\\20251118054454_init"
2025-12-29T05:13:02.427818Z  INFO get_globs:scan_sources: tailwindcss_oxide::scanner: Discovering "C:\\Users\\RintuMondal\\Videos\\On-going project\\alwar\\prisma\\migrations_backup_sqlite\\20251118060351_change_production_incharge_to_string"
2025-12-29T05:13:02.428191Z  INFO get_globs:scan_sources: tailwindcss_oxide::scanner: Discovering "C:\\Users\\RintuMondal\\Videos\\On-going project\\alwar\\prisma\\migrations_backup_sqlite\\20251118094037_add_time_field"
2025-12-29T05:13:02.428541Z  INFO get_globs:scan_sources: tailwindcss_oxide::scanner: Discovering "C:\\Users\\RintuMondal\\Videos\\On-going project\\alwar\\prisma\\migrations_backup_sqlite\\20251118095544_add_in_time_out_time_fields"
2025-12-29T05:13:02.428952Z  INFO get_globs:scan_sources: tailwindcss_oxide::scanner: Discovering "C:\\Users\\RintuMondal\\Videos\\On-going project\\alwar\\prisma\\migrations_backup_sqlite\\20251118095920_remove_time_field"
2025-12-29T05:13:02.429305Z  INFO get_globs:scan_sources: tailwindcss_oxide::scanner: Discovering "C:\\Users\\RintuMondal\\Videos\\On-going project\\alwar\\prisma\\migrations_backup_sqlite\\20251118100706_add_date_field"
2025-12-29T05:13:02.429652Z  INFO get_globs:scan_sources: tailwindcss_oxide::scanner: Discovering "C:\\Users\\RintuMondal\\Videos\\On-going project\\alwar\\prisma\\migrations_backup_sqlite\\20251119074814_add_employee_attendance_system"
2025-12-29T05:13:02.430016Z  INFO get_globs:scan_sources: tailwindcss_oxide::scanner: Discovering "C:\\Users\\RintuMondal\\Videos\\On-going project\\alwar\\prisma\\migrations_backup_sqlite\\20251119084831_add_employee_role_and_id"
2025-12-29T05:13:02.430409Z  INFO get_globs:scan_sources: tailwindcss_oxide::scanner: Discovering "C:\\Users\\RintuMondal\\Videos\\On-going project\\alwar\\prisma\\migrations_backup_sqlite\\20251119085252_update_employee_schema"
2025-12-29T05:13:02.430795Z  INFO get_globs:scan_sources: tailwindcss_oxide::scanner: Discovering "C:\\Users\\RintuMondal\\Videos\\On-going project\\alwar\\prisma\\migrations_backup_sqlite\\20251121000000_init_postgresql"
2025-12-29T05:13:02.431448Z  INFO get_globs:scan_sources: tailwindcss_oxide::scanner: Discovering "C:\\Users\\RintuMondal\\Videos\\On-going project\\alwar\\public"
2025-12-29T05:13:02.432062Z  INFO get_globs:scan_sources: tailwindcss_oxide::scanner: Discovering "C:\\Users\\RintuMondal\\Videos\\On-going project\\alwar\\scripts"
2025-12-29T05:13:02.432687Z  INFO get_globs:scan_sources: tailwindcss_oxide::scanner: Discovering "C:\\Users\\RintuMondal\\Videos\\On-going project\\alwar\\types"
2025-12-29T05:13:02.433196Z  INFO get_globs:scan_sources: tailwindcss_oxide::scanner: Discovering "C:\\Users\\RintuMondal\\Videos\\On-going project\\alwar\\__tests__"
2025-12-29T05:13:02.440361Z  INFO get_globs:scan_sources: tailwindcss_oxide::scanner: exit
2025-12-29T05:13:02.467272Z  INFO get_globs: tailwindcss_oxide::scanner: exit
